2025-11-27 08:46:29,770 [INFO] Activator:176 - 


2025-11-27 08:46:29,770 [INFO] Activator:177 - !SESSION log4j initialized
2025-11-27 08:46:32,890 [INFO] LogOutputStream:77 - [STDOUT_REDIRECT] 
2025-11-27 08:46:33,482 [ERROR] ConfigurationRetriever:142 - IOException on connection: sw-center.st.com
2025-11-27 08:46:33,485 [ERROR] ConfigurationRetriever:142 - IOException on connection: sw-center.st.com
2025-11-27 08:46:33,485 [ERROR] ConfigurationRetriever:142 - IOException on connection: sw-center.st.com
2025-11-27 08:46:34,004 [INFO] ApplicationProperties:184 - Using Application install path: C:\ST\STM32CubeIDE_1.19.0\STM32CubeIDE\plugins\com.st.stm32cube.common.mx_6.15.0.202507011659
2025-11-27 08:46:34,017 [INFO] DbMcusXml:78 - Set database path to: C:\ST\STM32CubeIDE_1.19.0\STM32CubeIDE\plugins\com.st.stm32cube.common.mx_6.15.0.202507011659\\db\/mcu/
2025-11-27 08:46:34,019 [INFO] ApiDb:274 - Set plugin database path to: C:\ST\STM32CubeIDE_1.19.0\STM32CubeIDE\plugins\com.st.stm32cube.common.mx_6.15.0.202507011659\\db\/plugins/boardmanager/
2025-11-27 08:46:34,019 [WARN] ApiDb:259 - Overriding images path with different value:  => C:\ST\STM32CubeIDE_1.19.0\STM32CubeIDE\plugins\com.st.stm32cube.common.mx_6.15.0.202507011659\\db\/plugins/mcufinder/images/
2025-11-27 08:46:34,023 [INFO] ApiDb:250 - Set database path to: C:\Users\LAPTOP K1\.stmcufinder\plugins\mcufinder//mcu/
2025-11-27 08:46:34,024 [INFO] DbMcusAds:125 - Set database path to: C:\Users\LAPTOP K1\.stmcufinder\plugins\mcufinder//mcu/
2025-11-27 08:46:34,025 [INFO] CrossReferenceDbSqlite:203 - Set database path to: C:\Users\LAPTOP K1\.stmcufinder\plugins\mcufinder//mcu/cs/
2025-11-27 08:46:34,122 [INFO] RulesReader:64 - Compatibility file has been processed (317 Rules)
2025-11-27 08:46:34,198 [INFO] DbMcusXml:78 - Set database path to: C:\ST\STM32CubeIDE_1.19.0\STM32CubeIDE\plugins\com.st.stm32cube.common.mx_6.15.0.202507011659\\db\/mcu/
2025-11-27 08:46:34,198 [INFO] ApiDb:274 - Set plugin database path to: C:\ST\STM32CubeIDE_1.19.0\STM32CubeIDE\plugins\com.st.stm32cube.common.mx_6.15.0.202507011659\\db\/plugins/boardmanager/
2025-11-27 08:46:34,198 [INFO] ApiDb:261 - Set plugin images path to: C:\ST\STM32CubeIDE_1.19.0\STM32CubeIDE\plugins\com.st.stm32cube.common.mx_6.15.0.202507011659\\db\/plugins/mcufinder/images/
2025-11-27 08:46:34,198 [WARN] DbFile:41 - Overriding database path with different value: C:\Users\LAPTOP K1\.stmcufinder\plugins\mcufinder/ => C:\Users\LAPTOP K1\.stmcufinder\plugins\mcufinder
2025-11-27 08:46:34,199 [INFO] ApiDb:250 - Set database path to: C:\Users\LAPTOP K1\.stmcufinder\plugins\mcufinder//mcu/
2025-11-27 08:46:34,199 [WARN] DbFile:41 - Overriding database path with different value: C:\Users\LAPTOP K1\.stmcufinder\plugins\mcufinder/ => C:\Users\LAPTOP K1\.stmcufinder\plugins\mcufinder
2025-11-27 08:46:34,199 [INFO] DbMcusAds:125 - Set database path to: C:\Users\LAPTOP K1\.stmcufinder\plugins\mcufinder//mcu/
2025-11-27 08:46:34,199 [WARN] DbFile:41 - Overriding database path with different value: C:\Users\LAPTOP K1\.stmcufinder\plugins\mcufinder/ => C:\Users\LAPTOP K1\.stmcufinder\plugins\mcufinder
2025-11-27 08:46:34,199 [WARN] DbFile:41 - Overriding database path with different value: C:\Users\LAPTOP K1\.stmcufinder\plugins\mcufinder/ => C:\Users\LAPTOP K1\.stmcufinder\plugins\mcufinder
2025-11-27 08:46:34,199 [INFO] CrossReferenceDbSqlite:203 - Set database path to: C:\Users\LAPTOP K1\.stmcufinder\plugins\mcufinder//mcu/cs/
2025-11-27 08:46:34,317 [INFO] MainPanel:274 - HeapMemory: 268435456
2025-11-27 08:46:34,442 [INFO] DbMcusXml:78 - Set database path to: C:\ST\STM32CubeIDE_1.19.0\STM32CubeIDE\plugins\com.st.stm32cube.common.mx_6.15.0.202507011659\\db\/mcu/
2025-11-27 08:46:34,442 [INFO] ApiDb:274 - Set plugin database path to: C:\ST\STM32CubeIDE_1.19.0\STM32CubeIDE\plugins\com.st.stm32cube.common.mx_6.15.0.202507011659\\db\/plugins/boardmanager/
2025-11-27 08:46:34,442 [INFO] ApiDb:261 - Set plugin images path to: C:\ST\STM32CubeIDE_1.19.0\STM32CubeIDE\plugins\com.st.stm32cube.common.mx_6.15.0.202507011659\\db\/plugins/mcufinder/images/
2025-11-27 08:46:34,442 [WARN] DbFile:41 - Overriding database path with different value: C:\Users\LAPTOP K1\.stmcufinder\plugins\mcufinder/ => C:\Users\LAPTOP K1\.stmcufinder\plugins\mcufinder
2025-11-27 08:46:34,442 [INFO] ApiDb:250 - Set database path to: C:\Users\LAPTOP K1\.stmcufinder\plugins\mcufinder//mcu/
2025-11-27 08:46:34,442 [WARN] DbFile:41 - Overriding database path with different value: C:\Users\LAPTOP K1\.stmcufinder\plugins\mcufinder/ => C:\Users\LAPTOP K1\.stmcufinder\plugins\mcufinder
2025-11-27 08:46:34,442 [INFO] DbMcusAds:125 - Set database path to: C:\Users\LAPTOP K1\.stmcufinder\plugins\mcufinder//mcu/
2025-11-27 08:46:34,442 [WARN] DbFile:41 - Overriding database path with different value: C:\Users\LAPTOP K1\.stmcufinder\plugins\mcufinder/ => C:\Users\LAPTOP K1\.stmcufinder\plugins\mcufinder
2025-11-27 08:46:34,442 [WARN] DbFile:41 - Overriding database path with different value: C:\Users\LAPTOP K1\.stmcufinder\plugins\mcufinder/ => C:\Users\LAPTOP K1\.stmcufinder\plugins\mcufinder
2025-11-27 08:46:34,443 [INFO] CrossReferenceDbSqlite:203 - Set database path to: C:\Users\LAPTOP K1\.stmcufinder\plugins\mcufinder//mcu/cs/
2025-11-27 08:46:34,461 [INFO] ApplicationProperties:184 - Using Application install path: C:\ST\STM32CubeIDE_1.19.0\STM32CubeIDE\plugins\com.st.stm32cube.common.mx_6.15.0.202507011659
2025-11-27 08:46:34,462 [INFO] PluginManage:196 - Search for loadable plugins [exclusion list=, ]
2025-11-27 08:46:34,463 [INFO] PluginManage:310 - Check plugin analytics
2025-11-27 08:46:34,849 [INFO] AnalyticsPlugin:253 - Accepted Software Licenses: 
2025-11-27 08:46:34,850 [INFO] AnalyticsPlugin:255 - Accepted CMSIS Pack Licenses: 
2025-11-27 08:46:34,850 [INFO] AnalyticsPlugin:257 - Accepted Firmware Licenses: 
2025-11-27 08:46:34,854 [ERROR] ConfigurationRetriever:142 - IOException on connection: sw-center.st.com
2025-11-27 08:46:34,854 [ERROR] ConfigurationRetriever:142 - IOException on connection: sw-center.st.com
2025-11-27 08:46:34,855 [ERROR] ConfigurationRetriever:142 - IOException on connection: sw-center.st.com
2025-11-27 08:46:34,855 [INFO] PluginManage:359 - Loaded plugin analytics (category:tool,tabindex:-1)
2025-11-27 08:46:34,856 [INFO] PluginManage:310 - Check plugin cadmodel
2025-11-27 08:46:34,862 [INFO] CADModel:105 - Init CAD model plugin
2025-11-27 08:46:34,862 [INFO] PluginManage:359 - Loaded plugin cadmodel (category:power,tabindex:5)
2025-11-27 08:46:34,862 [INFO] PluginManage:310 - Check plugin clock
2025-11-27 08:46:34,877 [INFO] PluginManage:359 - Loaded plugin clock (category:base,tabindex:2)
2025-11-27 08:46:34,877 [INFO] PluginManage:310 - Check plugin ddr
2025-11-27 08:46:34,884 [INFO] PluginManage:359 - Loaded plugin ddr (category:tool,tabindex:6)
2025-11-27 08:46:34,884 [INFO] PluginManage:310 - Check plugin filemanager
2025-11-27 08:46:35,144 [INFO] PluginManage:359 - Loaded plugin filemanager (category:base,tabindex:10)
2025-11-27 08:46:35,145 [INFO] PluginManage:310 - Check plugin ipmanager
2025-11-27 08:46:35,150 [INFO] PluginManage:359 - Loaded plugin ipmanager (category:base,tabindex:5)
2025-11-27 08:46:35,150 [INFO] PluginManage:310 - Check plugin lpbam
2025-11-27 08:46:35,157 [INFO] PluginManage:359 - Loaded plugin lpbam (category:base,tabindex:0)
2025-11-27 08:46:35,157 [INFO] PluginManage:310 - Check plugin memorymap
2025-11-27 08:46:35,167 [INFO] PluginManage:359 - Loaded plugin memorymap (category:base,tabindex:4)
2025-11-27 08:46:35,167 [INFO] PluginManage:310 - Check plugin pinoutandconfiguration
2025-11-27 08:46:35,173 [INFO] PluginManage:359 - Loaded plugin pinoutandconfiguration (category:base,tabindex:1)
2025-11-27 08:46:35,173 [INFO] PluginManage:310 - Check plugin pinoutconfig
2025-11-27 08:46:35,286 [WARN] SupportedApi:132 - Cannot load RTOS API schema: s4s-elt-must-match.1: The content of 'definitions' must match (annotation?, (simpleType | complexType)?, (unique | key | keyref)*)). A problem was found starting at: attribute.
2025-11-27 08:46:35,376 [INFO] PluginManage:359 - Loaded plugin pinoutconfig (category:base,tabindex:0)
2025-11-27 08:46:35,376 [INFO] PluginManage:310 - Check plugin power
2025-11-27 08:46:35,381 [INFO] PluginManage:359 - Loaded plugin power (category:power,tabindex:4)
2025-11-27 08:46:35,381 [INFO] PluginManage:310 - Check plugin projectmanager
2025-11-27 08:46:35,393 [INFO] PluginManage:359 - Loaded plugin projectmanager (category:projectmanager,tabindex:4)
2025-11-27 08:46:35,393 [INFO] PluginManage:310 - Check plugin rif
2025-11-27 08:46:35,400 [INFO] PluginManage:359 - Loaded plugin rif (category:base,tabindex:3)
2025-11-27 08:46:35,400 [INFO] PluginManage:310 - Check plugin thirdparty
2025-11-27 08:46:35,533 [WARN] IntegrityCheckThread:84 - waiting for thirdparty lock release [integrity check]
2025-11-27 08:46:35,534 [INFO] IntegrityCheckThread:86 - entering critical section [integrity check]
2025-11-27 08:46:35,534 [INFO] ThirdPartyUpdaterWithRetryManager:70 - Updater plugin not ready yet. [1/15]
2025-11-27 08:46:35,534 [INFO] PluginManage:359 - Loaded plugin thirdparty (category:base,tabindex:-1)
2025-11-27 08:46:35,534 [INFO] PluginManage:310 - Check plugin tools
2025-11-27 08:46:35,538 [INFO] PluginManage:359 - Loaded plugin tools (category:base,tabindex:7)
2025-11-27 08:46:35,538 [INFO] PluginManage:310 - Check plugin tutovideos
2025-11-27 08:46:35,689 [INFO] PluginManage:359 - Loaded plugin tutovideos (category:base,tabindex:-1)
2025-11-27 08:46:35,689 [INFO] PluginManage:310 - Check plugin updater
2025-11-27 08:46:35,709 [INFO] PluginManage:359 - Loaded plugin updater (category:base,tabindex:12)
2025-11-27 08:46:35,709 [INFO] PluginManage:310 - Check plugin userauth
2025-11-27 08:46:35,714 [INFO] UserAuth:118 - Init User Auth plugin
2025-11-27 08:46:35,715 [INFO] PluginManage:359 - Loaded plugin userauth (category:base,tabindex:14)
2025-11-27 08:46:35,715 [INFO] PluginManage:283 - PluginManage : Loaded plugins [18]
2025-11-27 08:46:35,861 [INFO] PinOutPanel:1589 - setPackage(No Configuration,No Configuration)
2025-11-27 08:46:35,913 [INFO] CADModel:165 - CPN selected for project level
2025-11-27 08:46:35,913 [INFO] CADModel:114 - Register for checkConnection events
2025-11-27 08:46:35,924 [INFO] IPUIPlugin:80 - create IPUIPlugin
2025-11-27 08:46:35,924 [INFO] PluginManager:220 - loadIPPluginJar : add adc
2025-11-27 08:46:35,926 [INFO] IPUIPlugin:80 - create IPUIPlugin
2025-11-27 08:46:35,926 [INFO] PluginManager:220 - loadIPPluginJar : add aes
2025-11-27 08:46:35,927 [INFO] IPUIPlugin:80 - create IPUIPlugin
2025-11-27 08:46:35,927 [INFO] PluginManager:220 - loadIPPluginJar : add can
2025-11-27 08:46:35,928 [INFO] IPUIPlugin:80 - create IPUIPlugin
2025-11-27 08:46:35,928 [INFO] PluginManager:220 - loadIPPluginJar : add comp
2025-11-27 08:46:35,930 [INFO] IPUIPlugin:80 - create IPUIPlugin
2025-11-27 08:46:35,930 [INFO] PluginManager:220 - loadIPPluginJar : add cryp
2025-11-27 08:46:35,931 [INFO] IPUIPlugin:80 - create IPUIPlugin
2025-11-27 08:46:35,931 [INFO] PluginManager:220 - loadIPPluginJar : add ddr_ctrl_phy
2025-11-27 08:46:35,932 [INFO] IPUIPlugin:80 - create IPUIPlugin
2025-11-27 08:46:35,932 [INFO] PluginManager:220 - loadIPPluginJar : add dfsdm
2025-11-27 08:46:35,936 [INFO] IPUIPlugin:80 - create IPUIPlugin
2025-11-27 08:46:35,936 [INFO] PluginManager:220 - loadIPPluginJar : add dma
2025-11-27 08:46:35,937 [INFO] IPUIPlugin:80 - create IPUIPlugin
2025-11-27 08:46:35,937 [INFO] PluginManager:220 - loadIPPluginJar : add dma3
2025-11-27 08:46:35,939 [INFO] IPUIPlugin:80 - create IPUIPlugin
2025-11-27 08:46:35,939 [INFO] PluginManager:220 - loadIPPluginJar : add extmemmanager
2025-11-27 08:46:35,939 [INFO] IPUIPlugin:80 - create IPUIPlugin
2025-11-27 08:46:35,939 [INFO] PluginManager:220 - loadIPPluginJar : add fatfs
2025-11-27 08:46:35,942 [INFO] IPUIPlugin:80 - create IPUIPlugin
2025-11-27 08:46:35,942 [INFO] PluginManager:220 - loadIPPluginJar : add fmc
2025-11-27 08:46:35,945 [INFO] IPUIPlugin:80 - create IPUIPlugin
2025-11-27 08:46:35,945 [INFO] PluginManager:220 - loadIPPluginJar : add freertos
2025-11-27 08:46:35,945 [INFO] IPUIPlugin:80 - create IPUIPlugin
2025-11-27 08:46:35,945 [INFO] PluginManager:220 - loadIPPluginJar : add genericplugin
2025-11-27 08:46:35,946 [INFO] IPUIPlugin:80 - create IPUIPlugin
2025-11-27 08:46:35,946 [INFO] PluginManager:220 - loadIPPluginJar : add gfxmmu
2025-11-27 08:46:35,950 [INFO] IPUIPlugin:80 - create IPUIPlugin
2025-11-27 08:46:35,950 [INFO] PluginManager:220 - loadIPPluginJar : add gic
2025-11-27 08:46:35,952 [INFO] IPUIPlugin:80 - create IPUIPlugin
2025-11-27 08:46:35,953 [INFO] PluginManager:220 - loadIPPluginJar : add gpio
2025-11-27 08:46:35,954 [INFO] IPUIPlugin:80 - create IPUIPlugin
2025-11-27 08:46:35,954 [INFO] PluginManager:220 - loadIPPluginJar : add gtzc
2025-11-27 08:46:35,955 [INFO] IPUIPlugin:80 - create IPUIPlugin
2025-11-27 08:46:35,955 [INFO] PluginManager:220 - loadIPPluginJar : add hash
2025-11-27 08:46:35,957 [INFO] IPUIPlugin:80 - create IPUIPlugin
2025-11-27 08:46:35,957 [INFO] PluginManager:220 - loadIPPluginJar : add i2c
2025-11-27 08:46:35,958 [INFO] IPUIPlugin:80 - create IPUIPlugin
2025-11-27 08:46:35,958 [INFO] PluginManager:220 - loadIPPluginJar : add i2s
2025-11-27 08:46:35,959 [INFO] IPUIPlugin:80 - create IPUIPlugin
2025-11-27 08:46:35,959 [INFO] PluginManager:220 - loadIPPluginJar : add i3c
2025-11-27 08:46:35,961 [INFO] IPUIPlugin:80 - create IPUIPlugin
2025-11-27 08:46:35,961 [INFO] PluginManager:220 - loadIPPluginJar : add ipddr
2025-11-27 08:46:35,967 [INFO] IPUIPlugin:80 - create IPUIPlugin
2025-11-27 08:46:35,967 [INFO] PluginManager:220 - loadIPPluginJar : add linkedlist
2025-11-27 08:46:35,968 [INFO] IPUIPlugin:80 - create IPUIPlugin
2025-11-27 08:46:35,969 [INFO] PluginManager:220 - loadIPPluginJar : add lorawan
2025-11-27 08:46:35,969 [INFO] IPUIPlugin:80 - create IPUIPlugin
2025-11-27 08:46:35,969 [INFO] PluginManager:220 - loadIPPluginJar : add ltdc
2025-11-27 08:46:35,972 [INFO] IPUIPlugin:80 - create IPUIPlugin
2025-11-27 08:46:35,972 [INFO] PluginManager:220 - loadIPPluginJar : add mdma
2025-11-27 08:46:35,974 [INFO] IPUIPlugin:80 - create IPUIPlugin
2025-11-27 08:46:35,974 [INFO] PluginManager:220 - loadIPPluginJar : add nvic
2025-11-27 08:46:35,976 [INFO] IPUIPlugin:80 - create IPUIPlugin
2025-11-27 08:46:35,976 [INFO] PluginManager:220 - loadIPPluginJar : add opamp
2025-11-27 08:46:35,978 [INFO] IPUIPlugin:80 - create IPUIPlugin
2025-11-27 08:46:35,978 [INFO] PluginManager:220 - loadIPPluginJar : add openamp
2025-11-27 08:46:35,979 [INFO] IPUIPlugin:80 - create IPUIPlugin
2025-11-27 08:46:35,979 [INFO] PluginManager:220 - loadIPPluginJar : add pdm2pcm
2025-11-27 08:46:35,983 [INFO] IPUIPlugin:80 - create IPUIPlugin
2025-11-27 08:46:35,984 [INFO] PluginManager:220 - loadIPPluginJar : add plateformsettings
2025-11-27 08:46:35,985 [INFO] IPUIPlugin:80 - create IPUIPlugin
2025-11-27 08:46:35,985 [INFO] PluginManager:220 - loadIPPluginJar : add quadspi
2025-11-27 08:46:35,986 [INFO] IPUIPlugin:80 - create IPUIPlugin
2025-11-27 08:46:35,986 [INFO] PluginManager:220 - loadIPPluginJar : add radio
2025-11-27 08:46:35,988 [INFO] IPUIPlugin:80 - create IPUIPlugin
2025-11-27 08:46:35,988 [INFO] PluginManager:220 - loadIPPluginJar : add resmgrutility
2025-11-27 08:46:35,990 [INFO] IPUIPlugin:80 - create IPUIPlugin
2025-11-27 08:46:35,990 [INFO] PluginManager:220 - loadIPPluginJar : add sai
2025-11-27 08:46:35,991 [INFO] IPUIPlugin:80 - create IPUIPlugin
2025-11-27 08:46:35,991 [INFO] PluginManager:220 - loadIPPluginJar : add spi
2025-11-27 08:46:35,994 [INFO] IPUIPlugin:80 - create IPUIPlugin
2025-11-27 08:46:35,994 [INFO] PluginManager:220 - loadIPPluginJar : add stm32_wpan
2025-11-27 08:46:35,995 [INFO] IPUIPlugin:80 - create IPUIPlugin
2025-11-27 08:46:35,995 [INFO] PluginManager:220 - loadIPPluginJar : add tim
2025-11-27 08:46:35,996 [INFO] IPUIPlugin:80 - create IPUIPlugin
2025-11-27 08:46:35,996 [INFO] PluginManager:220 - loadIPPluginJar : add touchsensing
2025-11-27 08:46:35,997 [INFO] IPUIPlugin:80 - create IPUIPlugin
2025-11-27 08:46:35,997 [INFO] PluginManager:220 - loadIPPluginJar : add tracer_emb
2025-11-27 08:46:35,998 [INFO] IPUIPlugin:80 - create IPUIPlugin
2025-11-27 08:46:35,998 [INFO] PluginManager:220 - loadIPPluginJar : add ts
2025-11-27 08:46:35,999 [INFO] IPUIPlugin:80 - create IPUIPlugin
2025-11-27 08:46:35,999 [INFO] PluginManager:220 - loadIPPluginJar : add tsc
2025-11-27 08:46:36,000 [INFO] IPUIPlugin:80 - create IPUIPlugin
2025-11-27 08:46:36,000 [INFO] PluginManager:220 - loadIPPluginJar : add ucpd
2025-11-27 08:46:36,001 [INFO] IPUIPlugin:80 - create IPUIPlugin
2025-11-27 08:46:36,001 [INFO] PluginManager:220 - loadIPPluginJar : add usart
2025-11-27 08:46:36,003 [INFO] IPUIPlugin:80 - create IPUIPlugin
2025-11-27 08:46:36,003 [INFO] PluginManager:220 - loadIPPluginJar : add usbx
2025-11-27 08:46:36,106 [FATAL] Updater:351 - Updater called before beeing initialized
2025-11-27 08:46:36,126 [INFO] RulesReader:64 - Compatibility file has been processed (317 Rules)
2025-11-27 08:46:36,133 [INFO] RulesReader:64 - Compatibility file has been processed (317 Rules)
2025-11-27 08:46:36,144 [INFO] CADModel:165 - CPN selected for project level
2025-11-27 08:46:36,144 [INFO] CADModel:114 - Register for checkConnection events
2025-11-27 08:46:36,144 [FATAL] Updater:351 - Updater called before beeing initialized
2025-11-27 08:46:36,144 [ERROR] CADModel:125 - Updater not yet initialized, retry later 
2025-11-27 08:46:36,283 [FATAL] Updater:351 - Updater called before beeing initialized
2025-11-27 08:46:36,285 [INFO] CADModel:165 - CPN selected for project level
2025-11-27 08:46:36,285 [INFO] CADModel:114 - Register for checkConnection events
2025-11-27 08:46:36,285 [FATAL] Updater:351 - Updater called before beeing initialized
2025-11-27 08:46:36,285 [ERROR] CADModel:125 - Updater not yet initialized, retry later 
2025-11-27 08:46:36,288 [FATAL] Updater:351 - Updater called before beeing initialized
2025-11-27 08:46:36,364 [FATAL] Updater:351 - Updater called before beeing initialized
2025-11-27 08:46:36,370 [INFO] DbMcusAds:53 - JSON generation date=Mon Nov 10 17:43:01 ICT 2025 (1762771381061)
2025-11-27 08:46:36,370 [FATAL] Updater:351 - Updater called before beeing initialized
2025-11-27 08:46:36,392 [WARN] DetailPanel:346 - Failed to get advertising image, set to default
2025-11-27 08:46:36,446 [FATAL] Updater:351 - Updater called before beeing initialized
2025-11-27 08:46:36,448 [FATAL] Updater:351 - Updater called before beeing initialized
2025-11-27 08:46:36,448 [FATAL] Updater:351 - Updater called before beeing initialized
2025-11-27 08:46:36,448 [WARN] DetailPanel:346 - Failed to get advertising image, set to default
2025-11-27 08:46:36,448 [FATAL] Updater:351 - Updater called before beeing initialized
2025-11-27 08:46:36,481 [ERROR] Updater:1198 - MainUpdater not yet initialized. External WinMGr cannot be set.
2025-11-27 08:46:36,484 [INFO] Updater:1134 - Updater Version found : 6.15.0
2025-11-27 08:46:36,498 [INFO] ApplicationProperties:184 - Using Application install path: C:\ST\STM32CubeIDE_1.19.0\STM32CubeIDE\plugins\com.st.stm32cube.common.mx_6.15.0.202507011659
2025-11-27 08:46:38,072 [ERROR] LogOutputStream:75 - [STDERR_REDIRECT] Nov 27, 2025 8:46:38 AM java.util.prefs.WindowsPreferences <init>
2025-11-27 08:46:38,075 [ERROR] LogOutputStream:75 - [STDERR_REDIRECT] WARNING: Could not open/create prefs root node Software\JavaSoft\Prefs at root 0xffffffff80000002. Windows RegCreateKeyEx(...) returned error code 5.
2025-11-27 08:46:38,077 [ERROR] LogOutputStream:75 - [STDERR_REDIRECT] 
2025-11-27 08:46:38,273 [INFO] MainUpdater:2872 - connection check result : 22
2025-11-27 08:46:38,273 [INFO] MainUpdater:289 - Updater Check For Update Now.
2025-11-27 08:46:38,274 [INFO] MicroXplorer:498 - Change Database Version : DB.6.0.150
2025-11-27 08:46:38,300 [INFO] McuFinderGlobals:63 - Set McuFinder mode to 2 (CubeIDE integrated)
2025-11-27 08:46:38,301 [INFO] UserAuth:487 - Internet connection configuration mode: 2
2025-11-27 08:46:38,311 [INFO] UserAuth:487 - Internet connection configuration mode: 2
2025-11-27 08:46:38,444 [INFO] CheckServerUpdateThread:120 - End of CheckServer Thread
2025-11-27 08:46:38,674 [WARN] PackLoader:240 - Cannot read IP mode file for STMicroelectronics.FP-SNS-MOTENVWB1.1.4.0
2025-11-27 08:46:38,682 [WARN] PackLoader:240 - Cannot read IP mode file for STMicroelectronics.FP-ATR-ASTRA1.2.0.2
2025-11-27 08:46:38,693 [WARN] PackLoader:240 - Cannot read IP mode file for STMicroelectronics.X-CUBE-SMBUS.2.1.0
2025-11-27 08:46:38,695 [WARN] PackLoader:240 - Cannot read IP mode file for STMicroelectronics.X-CUBE-ST60.1.0.0
2025-11-27 08:46:38,718 [WARN] PackLoader:240 - Cannot read IP mode file for STMicroelectronics.X-CUBE-AZRTOS-F7.1.1.0
2025-11-27 08:46:38,722 [WARN] PackLoader:240 - Cannot read IP mode file for Cesanta.I-CUBE-Mongoose.7.19.0
2025-11-27 08:46:38,726 [WARN] PackLoader:240 - Cannot read IP mode file for STMicroelectronics.FP-SNS-MOTENV1.5.1.0
2025-11-27 08:46:38,735 [WARN] PackLoader:240 - Cannot read IP mode file for WES.I-CUBE-Cesium.1.4.0
2025-11-27 08:46:38,752 [WARN] PackLoader:240 - Cannot read IP mode file for Infineon.AIROC-Wi-Fi-Bluetooth-STM32.1.7.1
2025-11-27 08:46:38,774 [WARN] PackLoader:240 - Cannot read IP mode file for STMicroelectronics.X-CUBE-AZRTOS-H7.3.4.0
2025-11-27 08:46:38,781 [WARN] PackLoader:240 - Cannot read IP mode file for STMicroelectronics.X-CUBE-DISPLAY.3.0.0
2025-11-27 08:46:38,791 [WARN] PackLoader:240 - Cannot read IP mode file for STMicroelectronics.X-CUBE-NFC10.1.0.0
2025-11-27 08:46:38,795 [WARN] PackLoader:240 - Cannot read IP mode file for STMicroelectronics.X-CUBE-ST60.1.1.0
2025-11-27 08:46:38,798 [WARN] PackLoader:240 - Cannot read IP mode file for emotas.I-CUBE-CANOPEN.1.3.0
2025-11-27 08:46:38,802 [WARN] PackLoader:240 - Cannot read IP mode file for STMicroelectronics.X-CUBE-GNSS1.7.1.0
2025-11-27 08:46:38,812 [WARN] PackLoader:240 - Cannot read IP mode file for STMicroelectronics.FP-SNS-STBOX1.2.1.0
2025-11-27 08:46:38,816 [WARN] PackLoader:240 - Cannot read IP mode file for STMicroelectronics.FP-SNS-SMARTAG2.1.2.0
2025-11-27 08:46:38,818 [WARN] PackLoader:240 - Cannot read IP mode file for STMicroelectronics.FP-SNS-FLIGHT1.5.1.0
2025-11-27 08:46:38,824 [INFO] LogOutputStream:77 - [STDOUT_REDIRECT] 1 : Invalid condition id : UX_CORESTACK_Condition cause : null
2025-11-27 08:46:38,825 [INFO] LogOutputStream:77 - [STDOUT_REDIRECT] 1 : Invalid condition id : UX_CORESTACK_Condition cause : null
2025-11-27 08:46:38,826 [INFO] LogOutputStream:77 - [STDOUT_REDIRECT] 1 : Invalid condition id : UX_CORESTACK_Condition cause : null
2025-11-27 08:46:38,827 [INFO] LogOutputStream:77 - [STDOUT_REDIRECT] 1 : Invalid condition id : UX_CORESTACK_Condition cause : null
2025-11-27 08:46:38,828 [INFO] LogOutputStream:77 - [STDOUT_REDIRECT] 1 : Invalid condition id : UX_CORESTACK_Condition cause : null
2025-11-27 08:46:38,829 [WARN] PackLoader:240 - Cannot read IP mode file for STMicroelectronics.X-CUBE-AZRTOS-WL.2.0.0
2025-11-27 08:46:38,832 [WARN] PackLoader:240 - Cannot read IP mode file for STMicroelectronics.FP-SNS-MOTENV1.5.0.0
2025-11-27 08:46:38,841 [WARN] PackLoader:240 - Cannot read IP mode file for STMicroelectronics.X-CUBE-AZRTOS-H7RS.1.2.0
2025-11-27 08:46:38,846 [WARN] PackLoader:240 - Cannot read IP mode file for STMicroelectronics.X-CUBE-BLE2.3.3.0
2025-11-27 08:46:38,866 [WARN] PackLoader:240 - Cannot read IP mode file for STMicroelectronics.X-CUBE-NFC9.1.0.0
2025-11-27 08:46:38,869 [WARN] PackLoader:240 - Cannot read IP mode file for wolfSSL.I-CUBE-wolfSSL.5.8.2
2025-11-27 08:46:38,873 [WARN] PackLoader:240 - Cannot read IP mode file for STMicroelectronics.X-CUBE-BLE1.7.1.0
2025-11-27 08:46:38,875 [WARN] PackLoader:240 - Cannot read IP mode file for wolfSSL.I-CUBE-wolfMQTT.1.19.2
2025-11-27 08:46:38,879 [WARN] PackLoader:240 - Cannot read IP mode file for STMicroelectronics.X-CUBE-FREERTOS.1.4.0
2025-11-27 08:46:38,882 [WARN] PackLoader:240 - Cannot read IP mode file for STMicroelectronics.X-CUBE-EEPRMA1.5.2.0
2025-11-27 08:46:38,886 [WARN] PackLoader:240 - Cannot read IP mode file for STMicroelectronics.X-CUBE-ST67W61.1.1.0
2025-11-27 08:46:38,904 [WARN] PackLoader:240 - Cannot read IP mode file for STMicroelectronics.X-CUBE-MEMS1.12.0.0
2025-11-27 08:46:38,955 [WARN] PackLoader:240 - Cannot read IP mode file for STMicroelectronics.X-CUBE-AZRTOS-G0.1.1.0
2025-11-27 08:46:38,958 [WARN] PackLoader:240 - Cannot read IP mode file for STMicroelectronics.X-CUBE-SAFEA1.1.2.2
2025-11-27 08:46:38,961 [WARN] PackLoader:240 - Cannot read IP mode file for STMicroelectronics.X-CUBE-NFC4.3.0.0
2025-11-27 08:46:38,965 [WARN] PackLoader:240 - Cannot read IP mode file for EmbeddedOffice.I-CUBE-FS-RTOS.1.0.1
2025-11-27 08:46:38,968 [WARN] PackLoader:240 - Cannot read IP mode file for STMicroelectronics.X-CUBE-WB05N.2.0.0
2025-11-27 08:46:38,970 [WARN] PackLoader:240 - Cannot read IP mode file for wolfSSL.I-CUBE-wolfTPM.3.8.0
2025-11-27 08:46:38,973 [WARN] PackLoader:240 - Cannot read IP mode file for STMicroelectronics.X-CUBE-TCPP.4.2.0
2025-11-27 08:46:38,977 [WARN] PackLoader:240 - Cannot read IP mode file for RealThread.X-CUBE-RT-Thread_Nano.4.1.1
2025-11-27 08:46:38,980 [WARN] PackLoader:240 - Cannot read IP mode file for STMicroelectronics.FP-ATR-SIGFOX1.3.2.0
2025-11-27 08:46:38,983 [WARN] PackLoader:240 - Cannot read IP mode file for ITTIA_DB.I-CUBE-ITTIADB.8.9.0
2025-11-27 08:46:38,989 [WARN] PackLoader:240 - Cannot read IP mode file for STMicroelectronics.X-CUBE-ST67W61.1.0.0
2025-11-27 08:46:38,991 [WARN] PackLoader:240 - Cannot read IP mode file for STMicroelectronics.X-CUBE-AI.10.2.0
2025-11-27 08:46:39,003 [WARN] PackLoader:240 - Cannot read IP mode file for SEGGER.I-CUBE-embOS.1.3.1
2025-11-27 08:46:39,022 [WARN] PackLoader:240 - Cannot read IP mode file for STMicroelectronics.X-CUBE-ALGOBUILD.1.4.0
2025-11-27 08:46:39,043 [WARN] PackLoader:240 - Cannot read IP mode file for STMicroelectronics.X-CUBE-MEMS1.11.3.0
2025-11-27 08:46:39,162 [WARN] PackLoader:240 - Cannot read IP mode file for STMicroelectronics.X-CUBE-PM33A1.1.0.0
2025-11-27 08:46:39,169 [WARN] PackLoader:240 - Cannot read IP mode file for STMicroelectronics.X-CUBE-AZRTOS-F4.1.1.0
2025-11-27 08:46:39,172 [WARN] PackLoader:240 - Cannot read IP mode file for Avnet-IotConnect.X-CUBE-IoTC-DA16k-PMOD.1.0.0
2025-11-27 08:46:39,175 [WARN] PackLoader:240 - Cannot read IP mode file for STMicroelectronics.X-CUBE-ISPU.2.1.0
2025-11-27 08:46:39,184 [WARN] PackLoader:240 - Cannot read IP mode file for STMicroelectronics.X-CUBE-IPS.3.2.0
2025-11-27 08:46:39,192 [WARN] PackLoader:240 - Cannot read IP mode file for STMicroelectronics.X-CUBE-NFC12.1.0.0
2025-11-27 08:46:39,200 [WARN] PackLoader:240 - Cannot read IP mode file for STMicroelectronics.X-CUBE-AZRTOS-L5.2.0.0
2025-11-27 08:46:39,205 [WARN] PackLoader:240 - Cannot read IP mode file for STMicroelectronics.X-CUBE-NFC6.3.1.0
2025-11-27 08:46:39,208 [WARN] PackLoader:240 - Cannot read IP mode file for STMicroelectronics.X-CUBE-FREERTOS.1.3.1
2025-11-27 08:46:39,214 [WARN] PackLoader:240 - Cannot read IP mode file for STMicroelectronics.X-CUBE-TOUCHGFX.4.26.0
2025-11-27 08:46:39,217 [WARN] PackLoader:240 - Cannot read IP mode file for STMicroelectronics.FP-SNS-STAIOTCFT.1.0.0
2025-11-27 08:46:39,219 [WARN] PackLoader:240 - Cannot read IP mode file for STMicroelectronics.X-CUBE-DPower.1.3.0
2025-11-27 08:46:39,226 [WARN] ConditionMgr:438 - getConditionDescription Invalid condition id : LAN8742 Phy interface Condition cause : null
2025-11-27 08:46:39,227 [WARN] PackLoader:240 - Cannot read IP mode file for STMicroelectronics.X-CUBE-AZRTOS-L4.2.0.0
2025-11-27 08:46:39,227 [WARN] ConditionMgr:1044 - genDependencies : Invalid condition id : LAN8742 Phy interface Condition cause : null
2025-11-27 08:46:39,227 [WARN] ConditionMgr:1044 - genDependencies : Invalid condition id : LAN8742 Phy interface Condition cause : null
2025-11-27 08:46:39,227 [WARN] ConditionMgr:1044 - genDependencies : Invalid condition id : LAN8742 Phy interface Condition cause : null
2025-11-27 08:46:39,231 [WARN] PackLoader:240 - Cannot read IP mode file for STMicroelectronics.X-CUBE-SFXS2LP1.4.0.0
2025-11-27 08:46:39,236 [WARN] PackLoader:240 - Cannot read IP mode file for STMicroelectronics.X-CUBE-BLEMGR.4.1.0
2025-11-27 08:46:39,242 [WARN] ConditionMgr:438 - getConditionDescription Invalid condition id : UX DEVICE CLASS RTOS Condition cause : null
2025-11-27 08:46:39,243 [WARN] ConditionMgr:438 - getConditionDescription Invalid condition id : UX DEVICE CLASS RTOS Condition cause : null
2025-11-27 08:46:39,243 [WARN] PackLoader:240 - Cannot read IP mode file for STMicroelectronics.X-CUBE-AZRTOS-WB.2.0.0
2025-11-27 08:46:39,244 [WARN] ConditionMgr:1044 - genDependencies : Invalid condition id : UX DEVICE CLASS RTOS Condition cause : null
2025-11-27 08:46:39,244 [WARN] ConditionMgr:1044 - genDependencies : Invalid condition id : UX DEVICE CLASS RTOS Condition cause : null
2025-11-27 08:46:39,244 [WARN] ConditionMgr:1044 - genDependencies : Invalid condition id : UX DEVICE CLASS RTOS Condition cause : null
2025-11-27 08:46:39,244 [WARN] ConditionMgr:1044 - genDependencies : Invalid condition id : UX DEVICE CLASS RTOS Condition cause : null
2025-11-27 08:46:39,244 [WARN] ConditionMgr:1044 - genDependencies : Invalid condition id : UX DEVICE CLASS RTOS Condition cause : null
2025-11-27 08:46:39,247 [WARN] PackLoader:240 - Cannot read IP mode file for STMicroelectronics.X-CUBE-GNSS1.7.0.1
2025-11-27 08:46:39,249 [WARN] PackLoader:240 - Cannot read IP mode file for STMicroelectronics.X-CUBE-TOUCHGFX.4.25.0
2025-11-27 08:46:39,251 [WARN] ConditionMgr:438 - getConditionDescription Invalid condition id : Cortex-A Device cause : null
2025-11-27 08:46:39,256 [WARN] ConditionMgr:1044 - genDependencies : Invalid condition id : Cortex-A Device cause : null
2025-11-27 08:46:39,256 [WARN] ConditionMgr:1044 - genDependencies : Invalid condition id : Cortex-A Device cause : null
2025-11-27 08:46:39,256 [WARN] ConditionMgr:1044 - genDependencies : Invalid condition id : Cortex-A Device cause : null
2025-11-27 08:46:39,260 [WARN] PackLoader:240 - Cannot read IP mode file for STMicroelectronics.X-CUBE-SUBG2.5.0.0
2025-11-27 08:46:39,269 [WARN] PackLoader:240 - Cannot read IP mode file for STMicroelectronics.X-CUBE-AZRTOS-H7RS.1.1.0
2025-11-27 08:46:39,276 [WARN] PackLoader:240 - Cannot read IP mode file for STMicroelectronics.X-CUBE-AZRTOS-G4.2.0.0
2025-11-27 08:46:39,279 [WARN] PackLoader:240 - Cannot read IP mode file for wolfSSL.I-CUBE-wolfSSH.1.4.20
2025-11-27 08:46:39,281 [WARN] PackLoader:240 - Cannot read IP mode file for STMicroelectronics.X-CUBE-NFC7.2.0.0
2025-11-27 08:46:39,287 [WARN] PackLoader:240 - Cannot read IP mode file for STMicroelectronics.X-CUBE-IPS.3.1.0
2025-11-27 08:46:39,292 [WARN] PackLoader:240 - Cannot read IP mode file for STMicroelectronics.X-CUBE-ALS.1.0.2
2025-11-27 08:46:39,295 [WARN] PackLoader:240 - Cannot read IP mode file for STMicroelectronics.X-CUBE-STSE01.1.0.0
2025-11-27 08:46:39,300 [WARN] PackLoader:240 - Cannot read IP mode file for STMicroelectronics.X-CUBE-TOF1.3.4.3
2025-11-27 08:46:39,305 [INFO] ThirdParty:978 - Integrity check success = true
2025-11-27 08:46:39,305 [INFO] IntegrityCheckThread:100 - exiting critical section [integrity check]
2025-11-27 08:46:39,305 [INFO] IntegrityCheckThread:103 - End integrity checks thread
2025-11-27 08:52:58,541 [ERROR] LogOutputStream:75 - [STDERR_REDIRECT] 
